<?xml version="1.0" encoding="UTF-8"?>
<!-- Generated by org.testng.reporters.JUnitReportReporter -->
<testsuite skipped="0" hostname="Deepan" name="testcases.Amazontestcase" tests="1" failures="0" timestamp="2021-11-20T15:10:54 IST" time="11.053" errors="0">
  <testcase name="Scenario_TC01" time="11.053" classname="testcases.Amazontestcase"/>
  <system-out/>
</testsuite> <!-- testcases.Amazontestcase -->
