<?xml version="1.0" encoding="UTF-8"?>
<!-- Generated by org.testng.reporters.JUnitReportReporter -->
<testsuite skipped="0" hostname="Deepan" name="testcases.AutomationTestScenario" tests="3" failures="0" timestamp="2021-11-13T13:50:27 IST" time="29.064" errors="0">
  <testcase name="Scenario_TC03" time="7.598" classname="testcases.AutomationTestScenario"/>
  <system-out/>
  <testcase name="Scenario_TC02" time="8.221" classname="testcases.AutomationTestScenario"/>
  <system-out/>
  <testcase name="Scenario_TC01" time="13.245" classname="testcases.AutomationTestScenario"/>
  <system-out/>
</testsuite> <!-- testcases.AutomationTestScenario -->
