<?xml version="1.0" encoding="UTF-8"?>
<!-- Generated by org.testng.reporters.JUnitReportReporter -->
<testsuite skipped="0" hostname="Deepan" name="testcases.AutomationTestScenario" tests="3" failures="0" timestamp="2021-10-26T15:35:42 IST" time="25.143" errors="0">
  <testcase name="Scenario_TC02" time="2.856" classname="testcases.AutomationTestScenario"/>
  <system-out/>
  <testcase name="Scenario_TC01" time="16.481" classname="testcases.AutomationTestScenario"/>
  <system-out/>
  <testcase name="Scenario_TC03" time="5.806" classname="testcases.AutomationTestScenario"/>
  <system-out/>
</testsuite> <!-- testcases.AutomationTestScenario -->
