<?xml version="1.0" encoding="UTF-8"?>
<!-- Generated by org.testng.reporters.JUnitReportReporter -->
<testsuite skipped="0" hostname="Deepan" name="testcases.AutomationTestScenario_TC01" tests="1" failures="0" timestamp="2021-10-26T15:02:43 IST" time="5.802" errors="0">
  <testcase name="loginTest_TC03" time="5.802" classname="testcases.AutomationTestScenario_TC01"/>
  <system-out/>
</testsuite> <!-- testcases.AutomationTestScenario_TC01 -->
