<?xml version="1.0" encoding="UTF-8"?>
<!-- Generated by org.testng.reporters.JUnitReportReporter -->
<testsuite skipped="0" hostname="Deepan" name="testcases.AutomationTestScenario" tests="3" failures="0" timestamp="2021-10-26T18:30:07 IST" time="113.439" errors="0">
  <testcase name="Scenario_TC03" time="31.119" classname="testcases.AutomationTestScenario"/>
  <system-out/>
  <testcase name="Scenario_TC01" time="21.350" classname="testcases.AutomationTestScenario"/>
  <system-out/>
  <testcase name="Scenario_TC02" time="60.970" classname="testcases.AutomationTestScenario"/>
  <system-out/>
</testsuite> <!-- testcases.AutomationTestScenario -->
