<?xml version="1.0" encoding="UTF-8"?>
<!-- Generated by org.testng.reporters.JUnitReportReporter -->
<testsuite skipped="0" hostname="Deepan" name="testcases.AutomatingScenario" tests="1" failures="0" timestamp="2021-11-13T13:50:27 IST" time="0.061" errors="0">
  <testcase name="Scenario_TC01" time="0.061" classname="testcases.AutomatingScenario"/>
  <system-out/>
</testsuite> <!-- testcases.AutomatingScenario -->
